<?xml version="1.0" encoding="UTF-8"?>
<!-- Generated by org.testng.reporters.JUnitReportReporter -->
<testsuite hostname="DESKTOP-J1AQEFS" failures="0" tests="3" name="omini.test.TestScript" time="32.379" errors="0" timestamp="2023-10-31T23:28:55 IST" skipped="0">
  <testcase classname="omini.test.TestScript" name="loginpage" time="29.273"/>
  <testcase classname="omini.test.TestScript" name="omniPage" time="0.068"/>
  <testcase classname="omini.test.TestScript" name="dList" time="3.038"/>
</testsuite> <!-- omini.test.TestScript -->
