<?xml version="1.0" encoding="UTF-8"?>
<!-- Generated by org.testng.reporters.JUnitReportReporter -->
<testsuite hostname="DESKTOP-J1AQEFS" failures="0" tests="1" name="omini.test.genricMasterTest" time="5.127" errors="0" timestamp="2023-11-01T00:38:39 IST" skipped="0">
  <testcase classname="omini.test.genricMasterTest" name="omniPage" time="5.127"/>
</testsuite> <!-- omini.test.genricMasterTest -->
